<?xml version="1.0" encoding="utf-8"?><testsuites><testsuite name="pytest" errors="0" failures="0" skipped="0" tests="78" time="11.612" timestamp="2026-04-03T17:48:04.930664" hostname="d4ac15677adb"><testcase classname="tests.test_functional.TestFR001AlbumRetrieval" name="test_album_list_retrieved_with_api_key" time="0.333" /><testcase classname="tests.test_functional.TestFR002AlbumAssetRetrieval" name="test_assets_retrieved_for_configured_album" time="0.257" /><testcase classname="tests.test_functional.TestFR003ImageSelection" name="test_random_selection_picks_unseen_image" time="0.256" /><testcase classname="tests.test_functional.TestFR003ImageSelection" name="test_newest_selection_picks_most_recent" time="0.257" /><testcase classname="tests.test_functional.TestFR003ImageSelection" name="test_tracking_resets_after_all_shown" time="0.255" /><testcase classname="tests.test_functional.TestFR004ImageDownload" name="test_image_downloaded_from_immich" time="0.255" /><testcase classname="tests.test_functional.TestFR005FormatConversion" name="test_jpeg_opens_directly" time="0.062" /><testcase classname="tests.test_functional.TestFR005FormatConversion" name="test_raw_conversion_function_exists" time="0.030" /><testcase classname="tests.test_functional.TestFR005FormatConversion" name="test_heic_conversion_function_exists" time="0.007" /><testcase classname="tests.test_functional.TestFR006ScalingRotation" name="test_load_scaled_produces_800x480" time="0.144" /><testcase classname="tests.test_functional.TestFR006ScalingRotation" name="test_rotation_90" time="0.143" /><testcase classname="tests.test_functional.TestFR006ScalingRotation" name="test_rotation_180" time="0.143" /><testcase classname="tests.test_functional.TestFR006ScalingRotation" name="test_rotation_270" time="0.147" /><testcase classname="tests.test_functional.TestFR006ScalingRotation" name="test_fill_mode_crops" time="0.145" /><testcase classname="tests.test_functional.TestFR006ScalingRotation" name="test_fit_mode_letterbox" time="0.146" /><testcase classname="tests.test_functional.TestFR007ColorEnhancement" name="test_neutral_enhancement_unchanged" time="0.010" /><testcase classname="tests.test_functional.TestFR007ColorEnhancement" name="test_color_enhance_zero_grayscale" time="0.008" /><testcase classname="tests.test_functional.TestFR008FloydSteinberg" name="test_floyd_steinberg_output_shape" time="0.127" /><testcase classname="tests.test_functional.TestFR008FloydSteinberg" name="test_floyd_steinberg_palette_colors" time="0.130" /><testcase classname="tests.test_functional.TestFR008FloydSteinberg" name="test_atkinson_output_shape" time="0.152" /><testcase classname="tests.test_functional.TestFR008FloydSteinberg" name="test_atkinson_palette_colors" time="0.157" /><testcase classname="tests.test_functional.TestFR010DateOverlay" name="test_date_overlay_with_exif" time="0.177" /><testcase classname="tests.test_functional.TestFR010DateOverlay" name="test_no_overlay_without_exif" time="0.161" /><testcase classname="tests.test_functional.TestFR011PreviewGeneration" name="test_three_previews_created" time="0.255" /><testcase classname="tests.test_functional.TestFR011PreviewGeneration" name="test_original_is_resized" time="0.254" /><testcase classname="tests.test_functional.TestFR011PreviewGeneration" name="test_bmp_is_valid_format" time="0.267" /><testcase classname="tests.test_functional.TestFR012HexFormat" name="test_hex_format_returns_bytesio" time="0.220" /><testcase classname="tests.test_functional.TestFR012HexFormat" name="test_hex_format_content" time="0.175" /><testcase classname="tests.test_functional.TestFR013ImageDelivery" name="test_prepared_image_served" time="0.379" /><testcase classname="tests.test_functional.TestFR013ImageDelivery" name="test_on_the_fly_delivery" time="0.373" /><testcase classname="tests.test_functional.TestFR013ImageDelivery" name="test_battery_cap_recorded" time="0.373" /><testcase classname="tests.test_functional.TestFR014PreparePhoto" name="test_prepare_photo_returns_success" time="0.256" /><testcase classname="tests.test_functional.TestFR014PreparePhoto" name="test_prepare_photo_sets_status_new" time="0.255" /><testcase classname="tests.test_functional.TestFR015PreviewServing" name="test_preview_photo_endpoint" time="0.253" /><testcase classname="tests.test_functional.TestFR015PreviewServing" name="test_preview_original_endpoint" time="0.256" /><testcase classname="tests.test_functional.TestFR015PreviewServing" name="test_preview_processed_endpoint" time="0.255" /><testcase classname="tests.test_functional.TestFR015PreviewServing" name="test_preview_404_when_missing" time="0.067" /><testcase classname="tests.test_functional.TestFR016PreviewStatus" name="test_preview_status_new" time="0.249" /><testcase classname="tests.test_functional.TestFR016PreviewStatus" name="test_preview_status_delivered" time="0.422" /><testcase classname="tests.test_functional.TestFR017HealthCheck" name="test_health_healthy" time="0.066" /><testcase classname="tests.test_functional.TestFR017HealthCheck" name="test_health_degraded" time="0.065" /><testcase classname="tests.test_functional.TestFR017HealthCheck" name="test_health_head" time="0.111" /><testcase classname="tests.test_functional.TestFR018BatteryStatus" name="test_initial_battery_zero" time="0.064" /><testcase classname="tests.test_functional.TestFR018BatteryStatus" name="test_battery_after_download" time="0.068" /><testcase classname="tests.test_functional.TestFR018BatteryStatus" name="test_battery_persists" time="0.067" /><testcase classname="tests.test_functional.TestFR019SleepDuration" name="test_sleep_duration_returns_ms" time="0.066" /><testcase classname="tests.test_functional.TestFR019SleepDuration" name="test_sleep_response_fields" time="0.065" /><testcase classname="tests.test_functional.TestFR020ConfigManagement" name="test_config_loaded_at_startup" time="0.006" /><testcase classname="tests.test_functional.TestFR020ConfigManagement" name="test_config_hot_reload" time="0.010" /><testcase classname="tests.test_functional.TestFR021WebSettings" name="test_settings_page_renders" time="0.077" /><testcase classname="tests.test_functional.TestFR021WebSettings" name="test_settings_form_submission" time="0.079" /><testcase classname="tests.test_functional.TestFR022ImageTracking" name="test_tracking_records_asset_ids" time="0.260" /><testcase classname="tests.test_functional.TestFR022ImageTracking" name="test_tracking_file_permissions" time="0.007" /><testcase classname="tests.test_functional.TestFR023NTPSync" name="test_ntp_thread_starts" time="0.007" /><testcase classname="tests.test_functional.TestFR023NTPSync" name="test_ntp_client_mocked" time="0.008" /><testcase classname="tests.test_nonfunctional.TestNFR003HealthCheck" name="test_healthcheck_endpoint_exists" time="0.067" /><testcase classname="tests.test_nonfunctional.TestNFR004Logging" name="test_log_format" time="0.007" /><testcase classname="tests.test_nonfunctional.TestNFR004Logging" name="test_log_level_configurable" time="0.006" /><testcase classname="tests.test_nonfunctional.TestNFR006ResponseTime" name="test_image_processing_under_120s" time="0.165" /><testcase classname="tests.test_nonfunctional.TestNFR007MemoryFootprint" name="test_numpy_array_size" time="0.155" /><testcase classname="tests.test_nonfunctional.TestNFR007MemoryFootprint" name="test_memory_released_after_processing" time="0.214" /><testcase classname="tests.test_nonfunctional.TestNFR008ThemeSupport" name="test_settings_html_contains_theme_css" time="0.085" /><testcase classname="tests.test_nonfunctional.TestNFR008ThemeSupport" name="test_settings_html_contains_theme_toggle" time="0.077" /><testcase classname="tests.test_nonfunctional.TestNFR008ThemeSupport" name="test_settings_html_contains_localstorage" time="0.080" /><testcase classname="tests.test_nonfunctional.TestIFR001ImmichAPI" name="test_api_key_header_sent" time="0.255" /><testcase classname="tests.test_nonfunctional.TestIFR001ImmichAPI" name="test_request_timeouts_configured" time="0.126" /><testcase classname="tests.test_nonfunctional.TestIFR002ESP32Interface" name="test_download_serves_text_plain" time="0.419" /><testcase classname="tests.test_nonfunctional.TestIFR002ESP32Interface" name="test_download_accepts_battery_cap_header" time="0.374" /><testcase classname="tests.test_nonfunctional.TestIFR003HAIngress" name="test_proxyfix_middleware_configured" time="0.008" /><testcase classname="tests.test_nonfunctional.TestIFR005NetworkPort" name="test_app_configured_for_port_5000" time="0.006" /><testcase classname="tests.test_nonfunctional.TestSEC001APIKeyProtection" name="test_api_key_not_in_responses" time="0.123" /><testcase classname="tests.test_nonfunctional.TestSEC001APIKeyProtection" name="test_api_key_from_environment" time="0.007" /><testcase classname="tests.test_nonfunctional.TestSEC003InputValidation" name="test_invalid_rotation_rejected" time="0.064" /><testcase classname="tests.test_nonfunctional.TestSEC003InputValidation" name="test_valid_rotation_accepted" time="0.082" /><testcase classname="tests.test_nonfunctional.TestPER001ProcessingThroughput" name="test_floyd_steinberg_performance" time="0.129" /><testcase classname="tests.test_nonfunctional.TestPER001ProcessingThroughput" name="test_atkinson_performance" time="0.157" /><testcase classname="tests.test_nonfunctional.TestPER002ConcurrentRequests" name="test_flask_app_handles_sequential_requests" time="0.065" /><testcase classname="tests.test_nonfunctional.TestPER003ConfigReloadLatency" name="test_config_reload_under_2_seconds" time="0.009" /></testsuite></testsuites>